<?xml version="1.0" encoding="UTF-8"?>
<testsuite name="com.yuphanie.ipanena.controller.AboutControllerTest" tests="1" skipped="0" failures="0" errors="0" timestamp="2019-10-11T20:11:50" hostname="Yuhengs-MacBook-Pro.local" time="0.116">
  <properties/>
  <testcase name="shouldLoadPage" classname="com.yuphanie.ipanena.controller.AboutControllerTest" time="0.116"/>
  <system-out><![CDATA[2019-10-11 15:11:35.087  INFO 10560 --- [    Test worker] .b.t.a.w.s.WebMvcTestContextBootstrapper : Neither @ContextConfiguration nor @ContextHierarchy found for test class [com.yuphanie.ipanena.controller.AboutControllerTest], using SpringBootContextLoader
2019-10-11 15:11:35.088  INFO 10560 --- [    Test worker] o.s.t.c.support.AbstractContextLoader    : Could not detect default resource locations for test class [com.yuphanie.ipanena.controller.AboutControllerTest]: no resource found for suffixes {-context.xml, Context.groovy}.
2019-10-11 15:11:35.088  INFO 10560 --- [    Test worker] t.c.s.AnnotationConfigContextLoaderUtils : Could not detect default configuration classes for test class [com.yuphanie.ipanena.controller.AboutControllerTest]: AboutControllerTest does not declare any static, non-private, non-final, nested classes annotated with @Configuration.
2019-10-11 15:11:35.090  INFO 10560 --- [    Test worker] .b.t.c.SpringBootTestContextBootstrapper : Found @SpringBootConfiguration com.yuphanie.ipanena.IpanenaApplication for test class com.yuphanie.ipanena.controller.AboutControllerTest
2019-10-11 15:11:35.091  INFO 10560 --- [    Test worker] .b.t.a.w.s.WebMvcTestContextBootstrapper : Loaded default TestExecutionListener class names from location [META-INF/spring.factories]: [org.springframework.security.test.context.support.WithSecurityContextTestExecutionListener, org.springframework.security.test.context.support.ReactorContextTestExecutionListener, org.springframework.boot.test.autoconfigure.restdocs.RestDocsTestExecutionListener, org.springframework.boot.test.autoconfigure.web.client.MockRestServiceServerResetTestExecutionListener, org.springframework.boot.test.autoconfigure.web.servlet.MockMvcPrintOnlyOnFailureTestExecutionListener, org.springframework.boot.test.autoconfigure.web.servlet.WebDriverTestExecutionListener, org.springframework.boot.test.mock.mockito.MockitoTestExecutionListener, org.springframework.boot.test.mock.mockito.ResetMocksTestExecutionListener, org.springframework.test.context.web.ServletTestExecutionListener, org.springframework.test.context.support.DirtiesContextBeforeModesTestExecutionListener, org.springframework.test.context.support.DependencyInjectionTestExecutionListener, org.springframework.test.context.support.DirtiesContextTestExecutionListener, org.springframework.test.context.transaction.TransactionalTestExecutionListener, org.springframework.test.context.jdbc.SqlScriptsTestExecutionListener]
2019-10-11 15:11:35.091  INFO 10560 --- [    Test worker] .b.t.a.w.s.WebMvcTestContextBootstrapper : Using TestExecutionListeners: [org.springframework.test.context.web.ServletTestExecutionListener@54687723, org.springframework.test.context.support.DirtiesContextBeforeModesTestExecutionListener@22a874a2, org.springframework.boot.test.mock.mockito.MockitoTestExecutionListener@6552923a, org.springframework.boot.test.autoconfigure.SpringBootDependencyInjectionTestExecutionListener@7cd898c6, org.springframework.test.context.support.DirtiesContextTestExecutionListener@6b9e3911, org.springframework.test.context.transaction.TransactionalTestExecutionListener@a725da4, org.springframework.test.context.jdbc.SqlScriptsTestExecutionListener@7bc0cd92, org.springframework.security.test.context.support.WithSecurityContextTestExecutionListener@43e66484, org.springframework.security.test.context.support.ReactorContextTestExecutionListener@592a9b58, org.springframework.boot.test.autoconfigure.restdocs.RestDocsTestExecutionListener@41ad72a4, org.springframework.boot.test.autoconfigure.web.client.MockRestServiceServerResetTestExecutionListener@3cfc8b5e, org.springframework.boot.test.autoconfigure.web.servlet.MockMvcPrintOnlyOnFailureTestExecutionListener@4cce1a01, org.springframework.boot.test.autoconfigure.web.servlet.WebDriverTestExecutionListener@4133b89b, org.springframework.boot.test.mock.mockito.ResetMocksTestExecutionListener@6b21da4b]

  .   ____          _            __ _ _
 /\\ / ___'_ __ _ _(_)_ __  __ _ \ \ \ \
( ( )\___ | '_ | '_| | '_ \/ _` | \ \ \ \
 \\/  ___)| |_)| | | | | || (_| |  ) ) ) )
  '  |____| .__|_| |_|_| |_\__, | / / / /
 =========|_|==============|___/=/_/_/_/
 :: Spring Boot ::        (v2.1.9.RELEASE)

2019-10-11 15:11:50.120  INFO 10560 --- [    Test worker] c.y.i.controller.AboutControllerTest     : Starting AboutControllerTest on Yuhengs-MacBook-Pro.local with PID 10560 (started by yuhengwang in /Users/yuhengwang/Downloads/ipanena)
2019-10-11 15:11:50.122  INFO 10560 --- [    Test worker] c.y.i.controller.AboutControllerTest     : No active profile set, falling back to default profiles: default
2019-10-11 15:11:50.192  INFO 10560 --- [    Test worker] .s.d.r.c.RepositoryConfigurationDelegate : Bootstrapping Spring Data repositories in DEFAULT mode.
2019-10-11 15:11:50.198  INFO 10560 --- [    Test worker] .s.d.r.c.RepositoryConfigurationDelegate : Finished Spring Data repository scanning in 6ms. Found 2 repository interfaces.
2019-10-11 15:11:50.399  INFO 10560 --- [    Test worker] o.s.s.web.DefaultSecurityFilterChain     : Creating filter chain: any request, [org.springframework.security.web.context.request.async.WebAsyncManagerIntegrationFilter@109c4ca6, org.springframework.security.web.context.SecurityContextPersistenceFilter@6bd6ef9, org.springframework.security.web.header.HeaderWriterFilter@53e63804, org.springframework.web.filter.CorsFilter@4c645492, org.springframework.security.web.authentication.logout.LogoutFilter@592232c8, org.springframework.security.web.authentication.UsernamePasswordAuthenticationFilter@218c72aa, org.springframework.security.web.savedrequest.RequestCacheAwareFilter@34d3c313, org.springframework.security.web.servletapi.SecurityContextHolderAwareRequestFilter@5617fb95, org.springframework.security.web.authentication.AnonymousAuthenticationFilter@37755136, org.springframework.security.web.session.SessionManagementFilter@5f15976, org.springframework.security.web.access.ExceptionTranslationFilter@26d291cc, org.springframework.security.web.access.intercept.FilterSecurityInterceptor@3fba8033]
2019-10-11 15:11:50.486  INFO 10560 --- [    Test worker] o.s.s.concurrent.ThreadPoolTaskExecutor  : Initializing ExecutorService 'applicationTaskExecutor'
2019-10-11 15:11:50.549  INFO 10560 --- [    Test worker] o.s.b.t.m.w.SpringBootMockServletContext : Initializing Spring TestDispatcherServlet ''
2019-10-11 15:11:50.549  INFO 10560 --- [    Test worker] o.s.t.web.servlet.TestDispatcherServlet  : Initializing Servlet ''
2019-10-11 15:11:50.553  INFO 10560 --- [    Test worker] o.s.t.web.servlet.TestDispatcherServlet  : Completed initialization in 4 ms
2019-10-11 15:11:50.565  INFO 10560 --- [    Test worker] c.y.i.controller.AboutControllerTest     : Started AboutControllerTest in 15.472 seconds (JVM running for 33.065)
]]></system-out>
  <system-err><![CDATA[]]></system-err>
</testsuite>
