<?xml version="1.0" encoding="UTF-8"?>
<testsuite name="com.yuphanie.ipanena.controller.AccountControllerTest" tests="2" skipped="0" failures="0" errors="0" timestamp="2019-10-11T20:11:34" hostname="Yuhengs-MacBook-Pro.local" time="0.251">
  <properties/>
  <testcase name="shouldLoadCreatePageAndCreateAccount" classname="com.yuphanie.ipanena.controller.AccountControllerTest" time="0.244"/>
  <testcase name="shouldLoadAccountPage" classname="com.yuphanie.ipanena.controller.AccountControllerTest" time="0.006"/>
  <system-out><![CDATA[15:11:17.918 [Test worker] DEBUG org.springframework.test.context.junit4.SpringJUnit4ClassRunner - SpringJUnit4ClassRunner constructor called with [class com.yuphanie.ipanena.controller.AccountControllerTest]
15:11:17.923 [Test worker] DEBUG org.springframework.test.context.BootstrapUtils - Instantiating CacheAwareContextLoaderDelegate from class [org.springframework.test.context.cache.DefaultCacheAwareContextLoaderDelegate]
15:11:17.928 [Test worker] DEBUG org.springframework.test.context.BootstrapUtils - Instantiating BootstrapContext using constructor [public org.springframework.test.context.support.DefaultBootstrapContext(java.lang.Class,org.springframework.test.context.CacheAwareContextLoaderDelegate)]
15:11:17.940 [Test worker] DEBUG org.springframework.test.context.BootstrapUtils - Instantiating TestContextBootstrapper for test class [com.yuphanie.ipanena.controller.AccountControllerTest] from class [org.springframework.boot.test.autoconfigure.web.servlet.WebMvcTestContextBootstrapper]
15:11:17.952 [Test worker] INFO org.springframework.boot.test.autoconfigure.web.servlet.WebMvcTestContextBootstrapper - Neither @ContextConfiguration nor @ContextHierarchy found for test class [com.yuphanie.ipanena.controller.AccountControllerTest], using SpringBootContextLoader
15:11:17.954 [Test worker] DEBUG org.springframework.test.context.support.AbstractContextLoader - Did not detect default resource location for test class [com.yuphanie.ipanena.controller.AccountControllerTest]: class path resource [com/yuphanie/ipanena/controller/AccountControllerTest-context.xml] does not exist
15:11:17.954 [Test worker] DEBUG org.springframework.test.context.support.AbstractContextLoader - Did not detect default resource location for test class [com.yuphanie.ipanena.controller.AccountControllerTest]: class path resource [com/yuphanie/ipanena/controller/AccountControllerTestContext.groovy] does not exist
15:11:17.954 [Test worker] INFO org.springframework.test.context.support.AbstractContextLoader - Could not detect default resource locations for test class [com.yuphanie.ipanena.controller.AccountControllerTest]: no resource found for suffixes {-context.xml, Context.groovy}.
15:11:17.955 [Test worker] INFO org.springframework.test.context.support.AnnotationConfigContextLoaderUtils - Could not detect default configuration classes for test class [com.yuphanie.ipanena.controller.AccountControllerTest]: AccountControllerTest does not declare any static, non-private, non-final, nested classes annotated with @Configuration.
15:11:17.997 [Test worker] DEBUG org.springframework.test.context.support.ActiveProfilesUtils - Could not find an 'annotation declaring class' for annotation type [org.springframework.test.context.ActiveProfiles] and class [com.yuphanie.ipanena.controller.AccountControllerTest]
15:11:18.050 [Test worker] DEBUG org.springframework.context.annotation.ClassPathScanningCandidateComponentProvider - Identified candidate component class: file [/Users/yuhengwang/Downloads/ipanena/build/classes/java/main/com/yuphanie/ipanena/IpanenaApplication.class]
15:11:18.050 [Test worker] INFO org.springframework.boot.test.context.SpringBootTestContextBootstrapper - Found @SpringBootConfiguration com.yuphanie.ipanena.IpanenaApplication for test class com.yuphanie.ipanena.controller.AccountControllerTest
15:11:18.051 [Test worker] DEBUG org.springframework.boot.test.autoconfigure.web.servlet.WebMvcTestContextBootstrapper - @TestExecutionListeners is not present for class [com.yuphanie.ipanena.controller.AccountControllerTest]: using defaults.
15:11:18.052 [Test worker] INFO org.springframework.boot.test.autoconfigure.web.servlet.WebMvcTestContextBootstrapper - Loaded default TestExecutionListener class names from location [META-INF/spring.factories]: [org.springframework.security.test.context.support.WithSecurityContextTestExecutionListener, org.springframework.security.test.context.support.ReactorContextTestExecutionListener, org.springframework.boot.test.autoconfigure.restdocs.RestDocsTestExecutionListener, org.springframework.boot.test.autoconfigure.web.client.MockRestServiceServerResetTestExecutionListener, org.springframework.boot.test.autoconfigure.web.servlet.MockMvcPrintOnlyOnFailureTestExecutionListener, org.springframework.boot.test.autoconfigure.web.servlet.WebDriverTestExecutionListener, org.springframework.boot.test.mock.mockito.MockitoTestExecutionListener, org.springframework.boot.test.mock.mockito.ResetMocksTestExecutionListener, org.springframework.test.context.web.ServletTestExecutionListener, org.springframework.test.context.support.DirtiesContextBeforeModesTestExecutionListener, org.springframework.test.context.support.DependencyInjectionTestExecutionListener, org.springframework.test.context.support.DirtiesContextTestExecutionListener, org.springframework.test.context.transaction.TransactionalTestExecutionListener, org.springframework.test.context.jdbc.SqlScriptsTestExecutionListener]
15:11:18.062 [Test worker] INFO org.springframework.boot.test.autoconfigure.web.servlet.WebMvcTestContextBootstrapper - Using TestExecutionListeners: [org.springframework.test.context.web.ServletTestExecutionListener@bc92c97, org.springframework.test.context.support.DirtiesContextBeforeModesTestExecutionListener@6dc199dc, org.springframework.boot.test.mock.mockito.MockitoTestExecutionListener@7210f5f7, org.springframework.boot.test.autoconfigure.SpringBootDependencyInjectionTestExecutionListener@26c9167b, org.springframework.test.context.support.DirtiesContextTestExecutionListener@64263ba1, org.springframework.test.context.transaction.TransactionalTestExecutionListener@5485180, org.springframework.test.context.jdbc.SqlScriptsTestExecutionListener@7082b393, org.springframework.security.test.context.support.WithSecurityContextTestExecutionListener@1e161936, org.springframework.security.test.context.support.ReactorContextTestExecutionListener@4b38d266, org.springframework.boot.test.autoconfigure.restdocs.RestDocsTestExecutionListener@c3b5ed0, org.springframework.boot.test.autoconfigure.web.client.MockRestServiceServerResetTestExecutionListener@69c06aef, org.springframework.boot.test.autoconfigure.web.servlet.MockMvcPrintOnlyOnFailureTestExecutionListener@47b10148, org.springframework.boot.test.autoconfigure.web.servlet.WebDriverTestExecutionListener@4a17403a, org.springframework.boot.test.mock.mockito.ResetMocksTestExecutionListener@1c0c5a76]
15:11:18.064 [Test worker] DEBUG org.springframework.test.annotation.ProfileValueUtils - Retrieved @ProfileValueSourceConfiguration [null] for test class [com.yuphanie.ipanena.controller.AccountControllerTest]
15:11:18.064 [Test worker] DEBUG org.springframework.test.annotation.ProfileValueUtils - Retrieved ProfileValueSource type [class org.springframework.test.annotation.SystemProfileValueSource] for class [com.yuphanie.ipanena.controller.AccountControllerTest]
15:11:18.065 [Test worker] DEBUG org.springframework.test.annotation.ProfileValueUtils - Retrieved @ProfileValueSourceConfiguration [null] for test class [com.yuphanie.ipanena.controller.AccountControllerTest]
15:11:18.065 [Test worker] DEBUG org.springframework.test.annotation.ProfileValueUtils - Retrieved ProfileValueSource type [class org.springframework.test.annotation.SystemProfileValueSource] for class [com.yuphanie.ipanena.controller.AccountControllerTest]
15:11:18.068 [Test worker] DEBUG org.springframework.test.context.support.AbstractDirtiesContextTestExecutionListener - Before test class: context [DefaultTestContext@384f0196 testClass = AccountControllerTest, testInstance = [null], testMethod = [null], testException = [null], mergedContextConfiguration = [WebMergedContextConfiguration@399c1583 testClass = AccountControllerTest, locations = '{}', classes = '{class com.yuphanie.ipanena.IpanenaApplication}', contextInitializerClasses = '[]', activeProfiles = '{}', propertySourceLocations = '{}', propertySourceProperties = '{org.springframework.boot.test.autoconfigure.web.servlet.WebMvcTestContextBootstrapper=true}', contextCustomizers = set[org.springframework.boot.test.autoconfigure.OverrideAutoConfigurationContextCustomizerFactory$DisableAutoConfigurationContextCustomizer@64c00859, org.springframework.boot.test.autoconfigure.filter.TypeExcludeFiltersContextCustomizer@e543a272, org.springframework.boot.test.autoconfigure.properties.PropertyMappingContextCustomizer@b1a1532f, org.springframework.boot.test.autoconfigure.web.servlet.WebDriverContextCustomizerFactory$Customizer@7a7e99c9, [ImportsContextCustomizer@64be1aa0 key = [org.springframework.boot.autoconfigure.cache.CacheAutoConfiguration, org.springframework.boot.autoconfigure.context.MessageSourceAutoConfiguration, org.springframework.boot.autoconfigure.data.web.SpringDataWebAutoConfiguration, org.springframework.boot.autoconfigure.freemarker.FreeMarkerAutoConfiguration, org.springframework.boot.autoconfigure.groovy.template.GroovyTemplateAutoConfiguration, org.springframework.boot.autoconfigure.gson.GsonAutoConfiguration, org.springframework.boot.autoconfigure.hateoas.HypermediaAutoConfiguration, org.springframework.boot.autoconfigure.http.HttpMessageConvertersAutoConfiguration, org.springframework.boot.autoconfigure.jackson.JacksonAutoConfiguration, org.springframework.boot.autoconfigure.jsonb.JsonbAutoConfiguration, org.springframework.boot.autoconfigure.mustache.MustacheAutoConfiguration, org.springframework.boot.autoconfigure.task.TaskExecutionAutoConfiguration, org.springframework.boot.autoconfigure.thymeleaf.ThymeleafAutoConfiguration, org.springframework.boot.autoconfigure.validation.ValidationAutoConfiguration, org.springframework.boot.autoconfigure.web.servlet.error.ErrorMvcAutoConfiguration, org.springframework.boot.autoconfigure.web.servlet.WebMvcAutoConfiguration, org.springframework.boot.test.autoconfigure.web.servlet.MockMvcAutoConfiguration, org.springframework.boot.test.autoconfigure.web.servlet.MockMvcSecurityAutoConfiguration, org.springframework.boot.test.autoconfigure.web.servlet.MockMvcWebClientAutoConfiguration, org.springframework.boot.test.autoconfigure.web.servlet.MockMvcWebDriverAutoConfiguration]], org.springframework.boot.test.context.filter.ExcludeFilterContextCustomizer@2c2a25e6, org.springframework.boot.test.json.DuplicateJsonObjectContextCustomizerFactory$DuplicateJsonObjectContextCustomizer@671b5119, org.springframework.boot.test.mock.mockito.MockitoContextCustomizer@c512f0b1], resourceBasePath = 'src/main/webapp', contextLoader = 'org.springframework.boot.test.context.SpringBootContextLoader', parent = [null]], attributes = map[[empty]]], class annotated with @DirtiesContext [false] with mode [null].
15:11:18.068 [Test worker] DEBUG org.springframework.test.annotation.ProfileValueUtils - Retrieved @ProfileValueSourceConfiguration [null] for test class [com.yuphanie.ipanena.controller.AccountControllerTest]
15:11:18.068 [Test worker] DEBUG org.springframework.test.annotation.ProfileValueUtils - Retrieved ProfileValueSource type [class org.springframework.test.annotation.SystemProfileValueSource] for class [com.yuphanie.ipanena.controller.AccountControllerTest]
15:11:18.142 [Test worker] DEBUG org.springframework.test.context.support.TestPropertySourceUtils - Adding inlined properties to environment: {spring.jmx.enabled=false, org.springframework.boot.test.autoconfigure.web.servlet.WebMvcTestContextBootstrapper=true, server.port=-1}

  .   ____          _            __ _ _
 /\\ / ___'_ __ _ _(_)_ __  __ _ \ \ \ \
( ( )\___ | '_ | '_| | '_ \/ _` | \ \ \ \
 \\/  ___)| |_)| | | | | || (_| |  ) ) ) )
  '  |____| .__|_| |_|_| |_\__, | / / / /
 =========|_|==============|___/=/_/_/_/
 :: Spring Boot ::        (v2.1.9.RELEASE)

2019-10-11 15:11:33.307  INFO 10560 --- [    Test worker] c.y.i.controller.AccountControllerTest   : Starting AccountControllerTest on Yuhengs-MacBook-Pro.local with PID 10560 (started by yuhengwang in /Users/yuhengwang/Downloads/ipanena)
2019-10-11 15:11:33.309  INFO 10560 --- [    Test worker] c.y.i.controller.AccountControllerTest   : No active profile set, falling back to default profiles: default
2019-10-11 15:11:33.516  INFO 10560 --- [    Test worker] .s.d.r.c.RepositoryConfigurationDelegate : Bootstrapping Spring Data repositories in DEFAULT mode.
2019-10-11 15:11:33.558  INFO 10560 --- [    Test worker] .s.d.r.c.RepositoryConfigurationDelegate : Finished Spring Data repository scanning in 37ms. Found 2 repository interfaces.
2019-10-11 15:11:34.416  INFO 10560 --- [    Test worker] o.s.s.web.DefaultSecurityFilterChain     : Creating filter chain: any request, [org.springframework.security.web.context.request.async.WebAsyncManagerIntegrationFilter@6747119e, org.springframework.security.web.context.SecurityContextPersistenceFilter@69143372, org.springframework.security.web.header.HeaderWriterFilter@589d1bda, org.springframework.web.filter.CorsFilter@57cdfff6, org.springframework.security.web.authentication.logout.LogoutFilter@3c1fc5eb, org.springframework.security.web.authentication.UsernamePasswordAuthenticationFilter@670ed07b, org.springframework.security.web.savedrequest.RequestCacheAwareFilter@12bea3d1, org.springframework.security.web.servletapi.SecurityContextHolderAwareRequestFilter@7fb32f35, org.springframework.security.web.authentication.AnonymousAuthenticationFilter@125556f6, org.springframework.security.web.session.SessionManagementFilter@19df5467, org.springframework.security.web.access.ExceptionTranslationFilter@37c41b02, org.springframework.security.web.access.intercept.FilterSecurityInterceptor@be559a]
2019-10-11 15:11:34.611  INFO 10560 --- [    Test worker] o.s.s.concurrent.ThreadPoolTaskExecutor  : Initializing ExecutorService 'applicationTaskExecutor'
2019-10-11 15:11:34.784  INFO 10560 --- [    Test worker] o.s.b.t.m.w.SpringBootMockServletContext : Initializing Spring TestDispatcherServlet ''
2019-10-11 15:11:34.784  INFO 10560 --- [    Test worker] o.s.t.web.servlet.TestDispatcherServlet  : Initializing Servlet ''
2019-10-11 15:11:34.794  INFO 10560 --- [    Test worker] o.s.t.web.servlet.TestDispatcherServlet  : Completed initialization in 10 ms
2019-10-11 15:11:34.828  INFO 10560 --- [    Test worker] c.y.i.controller.AccountControllerTest   : Started AccountControllerTest in 16.681 seconds (JVM running for 17.328)
]]></system-out>
  <system-err><![CDATA[]]></system-err>
</testsuite>
