<?xml version="1.0" encoding="UTF-8"?>
<testsuite name="com.yuphanie.ipanena.service.AccountServiceTest" tests="2" skipped="0" failures="0" errors="0" timestamp="2019-10-11T20:11:50" hostname="Yuhengs-MacBook-Pro.local" time="0.003">
  <properties/>
  <testcase name="shouldCallGetAccount" classname="com.yuphanie.ipanena.service.AccountServiceTest" time="0.001"/>
  <testcase name="shouldCallSaveAccount" classname="com.yuphanie.ipanena.service.AccountServiceTest" time="0.001"/>
  <system-out><![CDATA[2019-10-11 15:11:50.686  INFO 10560 --- [    Test worker] o.s.t.c.s.DefaultTestContextBootstrapper : Neither @ContextConfiguration nor @ContextHierarchy found for test class [com.yuphanie.ipanena.service.AccountServiceTest], using DelegatingSmartContextLoader
2019-10-11 15:11:50.687  INFO 10560 --- [    Test worker] o.s.t.c.support.AbstractContextLoader    : Could not detect default resource locations for test class [com.yuphanie.ipanena.service.AccountServiceTest]: no resource found for suffixes {-context.xml}.
2019-10-11 15:11:50.687  INFO 10560 --- [    Test worker] t.c.s.AnnotationConfigContextLoaderUtils : Could not detect default configuration classes for test class [com.yuphanie.ipanena.service.AccountServiceTest]: AccountServiceTest does not declare any static, non-private, non-final, nested classes annotated with @Configuration.
2019-10-11 15:11:50.688  INFO 10560 --- [    Test worker] o.s.t.c.s.DefaultTestContextBootstrapper : Loaded default TestExecutionListener class names from location [META-INF/spring.factories]: [org.springframework.security.test.context.support.WithSecurityContextTestExecutionListener, org.springframework.security.test.context.support.ReactorContextTestExecutionListener, org.springframework.boot.test.autoconfigure.restdocs.RestDocsTestExecutionListener, org.springframework.boot.test.autoconfigure.web.client.MockRestServiceServerResetTestExecutionListener, org.springframework.boot.test.autoconfigure.web.servlet.MockMvcPrintOnlyOnFailureTestExecutionListener, org.springframework.boot.test.autoconfigure.web.servlet.WebDriverTestExecutionListener, org.springframework.boot.test.mock.mockito.MockitoTestExecutionListener, org.springframework.boot.test.mock.mockito.ResetMocksTestExecutionListener, org.springframework.test.context.web.ServletTestExecutionListener, org.springframework.test.context.support.DirtiesContextBeforeModesTestExecutionListener, org.springframework.test.context.support.DependencyInjectionTestExecutionListener, org.springframework.test.context.support.DirtiesContextTestExecutionListener, org.springframework.test.context.transaction.TransactionalTestExecutionListener, org.springframework.test.context.jdbc.SqlScriptsTestExecutionListener]
2019-10-11 15:11:50.688  INFO 10560 --- [    Test worker] o.s.t.c.s.DefaultTestContextBootstrapper : Using TestExecutionListeners: [org.springframework.test.context.web.ServletTestExecutionListener@5811ddbc, org.springframework.test.context.support.DirtiesContextBeforeModesTestExecutionListener@631600e5, org.springframework.boot.test.mock.mockito.MockitoTestExecutionListener@343dff5b, org.springframework.test.context.support.DependencyInjectionTestExecutionListener@40713a27, org.springframework.test.context.support.DirtiesContextTestExecutionListener@16dbf3a8, org.springframework.test.context.transaction.TransactionalTestExecutionListener@4599c8be, org.springframework.test.context.jdbc.SqlScriptsTestExecutionListener@1e052071, org.springframework.security.test.context.support.WithSecurityContextTestExecutionListener@576c8194, org.springframework.security.test.context.support.ReactorContextTestExecutionListener@1ee36e62, org.springframework.boot.test.autoconfigure.restdocs.RestDocsTestExecutionListener@15b48938, org.springframework.boot.test.autoconfigure.web.client.MockRestServiceServerResetTestExecutionListener@22853557, org.springframework.boot.test.autoconfigure.web.servlet.MockMvcPrintOnlyOnFailureTestExecutionListener@115660b2, org.springframework.boot.test.autoconfigure.web.servlet.WebDriverTestExecutionListener@14c38c84, org.springframework.boot.test.mock.mockito.ResetMocksTestExecutionListener@250f3a6d]
]]></system-out>
  <system-err><![CDATA[]]></system-err>
</testsuite>
